Start testing: Sep 23 16:03 CEST
----------------------------------------------------------
1/1 Testing: space-io-test
1/1 Test: space-io-test
Command: "/home/hans/dev/space/repo/space-game/src/io/test/space-io-test"
Directory: /home/hans/dev/space/repo/space-game/src/io/test
"space-io-test" start time: Sep 23 16:03 CEST
Output:
----------------------------------------------------------
invalid path is falsy: OK
valid path is truthy: OK
<end of output>
Test time =   0.00 sec
----------------------------------------------------------
Test Passed.
"space-io-test" end time: Sep 23 16:03 CEST
"space-io-test" time elapsed: 00:00:00
----------------------------------------------------------

End testing: Sep 23 16:03 CEST
